# JRE version: Java(TM) SE Runtime Environment (21.0.8+12) (build 21.0.8+12-LTS-250)
# Java VM: Java HotSpot(TM) 64-Bit Server VM (21.0.8+12-LTS-250, mixed mode, sharing, tiered, compressed oops, compressed class ptrs, g1 gc, windows-amd64)
GC Precious Log:
 CardTable entry size: 512
 Card Set container configuration: InlinePtr #cards 5 size 8 Array Of Cards #cards 12 size 40 Howl #buckets 4 coarsen threshold 1843 Howl Bitmap #cards 512 size 80 coarsen threshold 460 Card regions per heap region 1 cards per card region 2048
 CPUs: 12 total, 12 available
 Memory: 7896M
 Large Page Support: Disabled
 NUMA Support: Disabled
 Compressed Oops: Enabled (32-bit)
 Heap Region Size: 1M
 Heap Min Capacity: 8M
 Heap Initial Capacity: 124M
 Heap Max Capacity: 1976M
 Pre-touch: Disabled
 Parallel Workers: 10
 Concurrent Workers: 3
 Concurrent Refinement Workers: 10
 Periodic GC: Disabled
Heap:
 garbage-first heap   total 141312K, used 74004K [0x0000000084800000, 0x0000000100000000)
  region size 1024K, 20 young (20480K), 3 survivors (3072K)
 Metaspace       used 32941K, committed 33408K, reserved 1114112K
  class space    used 3614K, committed 3840K, reserved 1048576K
GC Heap History (20 events):
Event: 8.137 GC heap before
{Heap before GC invocations=2 (full 0):
 garbage-first heap   total 126976K, used 79242K [0x0000000084800000, 0x0000000100000000)
  region size 1024K, 74 young (75776K), 2 survivors (2048K)
 Metaspace       used 15956K, committed 16192K, reserved 1114112K
  class space    used 1837K, committed 1920K, reserved 1048576K
}
Event: 8.180 GC heap after
{Heap after GC invocations=3 (full 0):
 garbage-first heap   total 126976K, used 12917K [0x0000000084800000, 0x0000000100000000)
  region size 1024K, 9 young (9216K), 9 survivors (9216K)
 Metaspace       used 15956K, committed 16192K, reserved 1114112K
  class space    used 1837K, committed 1920K, reserved 1048576K
}
Event: 11.415 GC heap before
{Heap before GC invocations=3 (full 0):
 garbage-first heap   total 126976K, used 79477K [0x0000000084800000, 0x0000000100000000)
  region size 1024K, 74 young (75776K), 9 survivors (9216K)
 Metaspace       used 17954K, committed 18304K, reserved 1114112K
  class space    used 1998K, committed 2176K, reserved 1048576K
}
Event: 11.452 GC heap after
{Heap after GC invocations=4 (full 0):
 garbage-first heap   total 126976K, used 15872K [0x0000000084800000, 0x0000000100000000)
  region size 1024K, 4 young (4096K), 4 survivors (4096K)
 Metaspace       used 17954K, committed 18304K, reserved 1114112K
  class space    used 1998K, committed 2176K, reserved 1048576K
}
Event: 12.778 GC heap before
{Heap before GC invocations=4 (full 0):
 garbage-first heap   total 126976K, used 46592K [0x0000000084800000, 0x0000000100000000)
  region size 1024K, 28 young (28672K), 4 survivors (4096K)
 Metaspace       used 21195K, committed 21504K, reserved 1114112K
  class space    used 2402K, committed 2560K, reserved 1048576K
}
Event: 12.801 GC heap after
{Heap after GC invocations=5 (full 0):
 garbage-first heap   total 126976K, used 26624K [0x0000000084800000, 0x0000000100000000)
  region size 1024K, 8 young (8192K), 8 survivors (8192K)
 Metaspace       used 21195K, committed 21504K, reserved 1114112K
  class space    used 2402K, committed 2560K, reserved 1048576K
}
Event: 15.402 GC heap before
{Heap before GC invocations=6 (full 0):
 garbage-first heap   total 92160K, used 92160K [0x0000000084800000, 0x0000000100000000)
  region size 1024K, 71 young (72704K), 8 survivors (8192K)
 Metaspace       used 26983K, committed 27392K, reserved 1114112K
  class space    used 3027K, committed 3200K, reserved 1048576K
}
Event: 15.453 GC heap after
{Heap after GC invocations=7 (full 0):
 garbage-first heap   total 117760K, used 41472K [0x0000000084800000, 0x0000000100000000)
  region size 1024K, 10 young (10240K), 10 survivors (10240K)
 Metaspace       used 26983K, committed 27392K, reserved 1114112K
  class space    used 3027K, committed 3200K, reserved 1048576K
}
Event: 33.471 GC heap before
{Heap before GC invocations=7 (full 0):
 garbage-first heap   total 117760K, used 90624K [0x0000000084800000, 0x0000000100000000)
  region size 1024K, 59 young (60416K), 10 survivors (10240K)
 Metaspace       used 28698K, committed 29056K, reserved 1114112K
  class space    used 3158K, committed 3328K, reserved 1048576K
}
Event: 33.535 GC heap after
{Heap after GC invocations=8 (full 0):
 garbage-first heap   total 141312K, used 48128K [0x0000000084800000, 0x0000000100000000)
  region size 1024K, 7 young (7168K), 7 survivors (7168K)
 Metaspace       used 28698K, committed 29056K, reserved 1114112K
  class space    used 3158K, committed 3328K, reserved 1048576K
}
Event: 46.704 GC heap before
{Heap before GC invocations=8 (full 0):
 garbage-first heap   total 141312K, used 111616K [0x0000000084800000, 0x0000000100000000)
  region size 1024K, 69 young (70656K), 7 survivors (7168K)
 Metaspace       used 30396K, committed 30848K, reserved 1114112K
  class space    used 3347K, committed 3520K, reserved 1048576K
}
Event: 46.726 GC heap after
{Heap after GC invocations=9 (full 0):
 garbage-first heap   total 141312K, used 51111K [0x0000000084800000, 0x0000000100000000)
  region size 1024K, 2 young (2048K), 2 survivors (2048K)
 Metaspace       used 30396K, committed 30848K, reserved 1114112K
  class space    used 3347K, committed 3520K, reserved 1048576K
}
Event: 51.422 GC heap before
{Heap before GC invocations=9 (full 0):
 garbage-first heap   total 141312K, used 116647K [0x0000000084800000, 0x0000000100000000)
  region size 1024K, 66 young (67584K), 2 survivors (2048K)
 Metaspace       used 30672K, committed 31168K, reserved 1114112K
  class space    used 3363K, committed 3584K, reserved 1048576K
}
Event: 51.442 GC heap after
{Heap after GC invocations=10 (full 0):
 garbage-first heap   total 141312K, used 54836K [0x0000000084800000, 0x0000000100000000)
  region size 1024K, 6 young (6144K), 6 survivors (6144K)
 Metaspace       used 30672K, committed 31168K, reserved 1114112K
  class space    used 3363K, committed 3584K, reserved 1048576K
}
Event: 54.979 GC heap before
{Heap before GC invocations=10 (full 0):
 garbage-first heap   total 141312K, used 119348K [0x0000000084800000, 0x0000000100000000)
  region size 1024K, 69 young (70656K), 6 survivors (6144K)
 Metaspace       used 30909K, committed 31424K, reserved 1114112K
  class space    used 3390K, committed 3584K, reserved 1048576K
}
Event: 55.001 GC heap after
{Heap after GC invocations=11 (full 0):
 garbage-first heap   total 141312K, used 57197K [0x0000000084800000, 0x0000000100000000)
  region size 1024K, 7 young (7168K), 7 survivors (7168K)
 Metaspace       used 30909K, committed 31424K, reserved 1114112K
  class space    used 3390K, committed 3584K, reserved 1048576K
}
Event: 60.315 GC heap before
{Heap before GC invocations=11 (full 0):
 garbage-first heap   total 141312K, used 121709K [0x0000000084800000, 0x0000000100000000)
  region size 1024K, 70 young (71680K), 7 survivors (7168K)
 Metaspace       used 30943K, committed 31424K, reserved 1114112K
  class space    used 3390K, committed 3584K, reserved 1048576K
}
Event: 60.326 GC heap after
{Heap after GC invocations=12 (full 0):
 garbage-first heap   total 141312K, used 57521K [0x0000000084800000, 0x0000000100000000)
  region size 1024K, 3 young (3072K), 3 survivors (3072K)
 Metaspace       used 30943K, committed 31424K, reserved 1114112K
  class space    used 3390K, committed 3584K, reserved 1048576K
}
Event: 60.964 GC heap before
{Heap before GC invocations=12 (full 0):
 garbage-first heap   total 141312K, used 125105K [0x0000000084800000, 0x0000000100000000)
  region size 1024K, 69 young (70656K), 3 survivors (3072K)
 Metaspace       used 32110K, committed 32640K, reserved 1114112K
  class space    used 3553K, committed 3776K, reserved 1048576K
}
Event: 60.971 GC heap after
{Heap after GC invocations=13 (full 0):
 garbage-first heap   total 141312K, used 57620K [0x0000000084800000, 0x0000000100000000)
  region size 1024K, 3 young (3072K), 3 survivors (3072K)
 Metaspace       used 32110K, committed 32640K, reserved 1114112K
  class space    used 3553K, committed 3776K, reserved 1048576K
}

